\BOOKMARK [1][-]{section.1}{Einleitung}{}% 1
\BOOKMARK [1][-]{section.2}{Die Harmonischen Lage}{}% 2
\BOOKMARK [2][-]{subsection.2.1}{Definition}{section.2}% 3
\BOOKMARK [2][-]{subsection.2.2}{Die harmonische 13er Konfiguration}{section.2}% 4
\BOOKMARK [2][-]{subsection.2.3}{Erweiterung auf einen unendlich entfernten Punkt}{section.2}% 5
\BOOKMARK [1][-]{section.3}{Harmonische Lage rechnerisch}{}% 6
\BOOKMARK [2][-]{subsection.3.1}{Teilverh\344ltnisse}{section.3}% 7
\BOOKMARK [2][-]{subsection.3.2}{Das Doppelverh\344ltnis}{section.3}% 8
\BOOKMARK [2][-]{subsection.3.3}{Harmonische Lage und Doppelverh\344ltnis}{section.3}% 9
\BOOKMARK [2][-]{subsection.3.4}{Das Doppelverh\344ltnis von vier Geraden}{section.3}% 10
\BOOKMARK [1][-]{section.4}{Harmonisches Mittel und harmonische Folge}{}% 11
\BOOKMARK [2][-]{subsection.4.1}{Harmonisches Mittel}{section.4}% 12
\BOOKMARK [2][-]{subsection.4.2}{Harmonische Folge}{section.4}% 13
\BOOKMARK [1][-]{section.5}{Harmonische Lage und Goldener Schnitt}{}% 14
\BOOKMARK [1][-]{section.6}{Harmonische Lage in der Gestaltung}{}% 15
\BOOKMARK [2][-]{subsection.6.1}{Harmonie in der Malerei}{section.6}% 16
\BOOKMARK [2][-]{subsection.6.2}{Harmonische Lage in der heutigen Gestaltung}{section.6}% 17
\BOOKMARK [3][-]{subsubsection.6.2.1}{Satzspiegel}{subsection.6.2}% 18
\BOOKMARK [3][-]{subsubsection.6.2.2}{Gestaltungsraster}{subsection.6.2}% 19
\BOOKMARK [2][-]{subsection.6.3}{Gestaltung und Goldener Schnitt}{section.6}% 20
\BOOKMARK [1][-]{section.7}{Zusammenfassung}{}% 21
\BOOKMARK [1][-]{section*.2}{Literaturverzeichnis}{}% 22
