This is pdfTeX, Version 3.14159265-2.6-1.40.17 (MiKTeX 2.9 64-bit) (preloaded format=pdflatex 2016.10.26)  2 DEC 2016 21:23
entering extended mode
**./Harmonische_Lage.tex
(Harmonische_Lage.tex
LaTeX2e <2016/03/31> patch level 3
Babel <3.9r> and hyphenation patterns for 75 language(s) loaded.
("C:\Users\Florian\AppData\Local\Programs\MiKTeX 2.9\tex\latex\base\article.cls
"
Document Class: article 2014/09/29 v1.4h Standard LaTeX document class
("C:\Users\Florian\AppData\Local\Programs\MiKTeX 2.9\tex\latex\base\size12.clo"
File: size12.clo 2014/09/29 v1.4h Standard LaTeX file (size option)
)
\c@part=\count79
\c@section=\count80
\c@subsection=\count81
\c@subsubsection=\count82
\c@paragraph=\count83
\c@subparagraph=\count84
\c@figure=\count85
\c@table=\count86
\abovecaptionskip=\skip41
\belowcaptionskip=\skip42
\bibindent=\dimen102
)
("C:\Users\Florian\AppData\Local\Programs\MiKTeX 2.9\tex\generic\babel\babel.st
y"
Package: babel 2016/04/23 3.9r The Babel package

*************************************
* Local config file bblopts.cfg used
*

("C:\Users\Florian\AppData\Local\Programs\MiKTeX 2.9\tex\latex\arabi\bblopts.cf
g"
File: bblopts.cfg 2005/09/08 v0.1 add Arabic and Farsi to "declared" options of
 babel
)
("C:\Users\Florian\AppData\Local\Programs\MiKTeX 2.9\tex\latex\babel-german\ger
man.ldf"
Language: german 2014/10/10 v2.7b German support for babel (traditional orthogr
aphy)

("C:\Users\Florian\AppData\Local\Programs\MiKTeX 2.9\tex\latex\babel-german\ger
manb.ldf"
Language: germanb 2014/10/10 v2.7b German support for babel (traditional orthog
raphy)

("C:\Users\Florian\AppData\Local\Programs\MiKTeX 2.9\tex\generic\babel\babel.de
f"
File: babel.def 2016/04/23 3.9r Babel common definitions
\babel@savecnt=\count87
\U@D=\dimen103
)
\l@austrian = a dialect from \language\l@german 
Package babel Info: Making " an active character on input line 110.
)))
("C:\Users\Florian\AppData\Local\Programs\MiKTeX 2.9\tex\latex\base\inputenc.st
y"
Package: inputenc 2015/03/17 v1.2c Input encoding file
\inpenc@prehook=\toks14
\inpenc@posthook=\toks15
 ("C:\Users\Florian\AppData\Local\Programs\MiKTeX 2.9\tex\latex\base\utf8.def"
File: utf8.def 2016/02/28 v1.1s UTF-8 support for inputenc
Now handling font encoding OML ...
... no UTF-8 mapping file for font encoding OML
Now handling font encoding T1 ...
... processing UTF-8 mapping file for font encoding T1
 ("C:\Users\Florian\AppData\Local\Programs\MiKTeX 2.9\tex\latex\base\t1enc.dfu"
File: t1enc.dfu 2016/02/28 v1.1s UTF-8 support for inputenc
   defining Unicode char U+00A0 (decimal 160)
   defining Unicode char U+00A1 (decimal 161)
   defining Unicode char U+00A3 (decimal 163)
   defining Unicode char U+00AB (decimal 171)
   defining Unicode char U+00AD (decimal 173)
   defining Unicode char U+00BB (decimal 187)
   defining Unicode char U+00BF (decimal 191)
   defining Unicode char U+00C0 (decimal 192)
   defining Unicode char U+00C1 (decimal 193)
   defining Unicode char U+00C2 (decimal 194)
   defining Unicode char U+00C3 (decimal 195)
   defining Unicode char U+00C4 (decimal 196)
   defining Unicode char U+00C5 (decimal 197)
   defining Unicode char U+00C6 (decimal 198)
   defining Unicode char U+00C7 (decimal 199)
   defining Unicode char U+00C8 (decimal 200)
   defining Unicode char U+00C9 (decimal 201)
   defining Unicode char U+00CA (decimal 202)
   defining Unicode char U+00CB (decimal 203)
   defining Unicode char U+00CC (decimal 204)
   defining Unicode char U+00CD (decimal 205)
   defining Unicode char U+00CE (decimal 206)
   defining Unicode char U+00CF (decimal 207)
   defining Unicode char U+00D0 (decimal 208)
   defining Unicode char U+00D1 (decimal 209)
   defining Unicode char U+00D2 (decimal 210)
   defining Unicode char U+00D3 (decimal 211)
   defining Unicode char U+00D4 (decimal 212)
   defining Unicode char U+00D5 (decimal 213)
   defining Unicode char U+00D6 (decimal 214)
   defining Unicode char U+00D8 (decimal 216)
   defining Unicode char U+00D9 (decimal 217)
   defining Unicode char U+00DA (decimal 218)
   defining Unicode char U+00DB (decimal 219)
   defining Unicode char U+00DC (decimal 220)
   defining Unicode char U+00DD (decimal 221)
   defining Unicode char U+00DE (decimal 222)
   defining Unicode char U+00DF (decimal 223)
   defining Unicode char U+00E0 (decimal 224)
   defining Unicode char U+00E1 (decimal 225)
   defining Unicode char U+00E2 (decimal 226)
   defining Unicode char U+00E3 (decimal 227)
   defining Unicode char U+00E4 (decimal 228)
   defining Unicode char U+00E5 (decimal 229)
   defining Unicode char U+00E6 (decimal 230)
   defining Unicode char U+00E7 (decimal 231)
   defining Unicode char U+00E8 (decimal 232)
   defining Unicode char U+00E9 (decimal 233)
   defining Unicode char U+00EA (decimal 234)
   defining Unicode char U+00EB (decimal 235)
   defining Unicode char U+00EC (decimal 236)
   defining Unicode char U+00ED (decimal 237)
   defining Unicode char U+00EE (decimal 238)
   defining Unicode char U+00EF (decimal 239)
   defining Unicode char U+00F0 (decimal 240)
   defining Unicode char U+00F1 (decimal 241)
   defining Unicode char U+00F2 (decimal 242)
   defining Unicode char U+00F3 (decimal 243)
   defining Unicode char U+00F4 (decimal 244)
   defining Unicode char U+00F5 (decimal 245)
   defining Unicode char U+00F6 (decimal 246)
   defining Unicode char U+00F8 (decimal 248)
   defining Unicode char U+00F9 (decimal 249)
   defining Unicode char U+00FA (decimal 250)
   defining Unicode char U+00FB (decimal 251)
   defining Unicode char U+00FC (decimal 252)
   defining Unicode char U+00FD (decimal 253)
   defining Unicode char U+00FE (decimal 254)
   defining Unicode char U+00FF (decimal 255)
   defining Unicode char U+0100 (decimal 256)
   defining Unicode char U+0101 (decimal 257)
   defining Unicode char U+0102 (decimal 258)
   defining Unicode char U+0103 (decimal 259)
   defining Unicode char U+0104 (decimal 260)
   defining Unicode char U+0105 (decimal 261)
   defining Unicode char U+0106 (decimal 262)
   defining Unicode char U+0107 (decimal 263)
   defining Unicode char U+0108 (decimal 264)
   defining Unicode char U+0109 (decimal 265)
   defining Unicode char U+010A (decimal 266)
   defining Unicode char U+010B (decimal 267)
   defining Unicode char U+010C (decimal 268)
   defining Unicode char U+010D (decimal 269)
   defining Unicode char U+010E (decimal 270)
   defining Unicode char U+010F (decimal 271)
   defining Unicode char U+0110 (decimal 272)
   defining Unicode char U+0111 (decimal 273)
   defining Unicode char U+0112 (decimal 274)
   defining Unicode char U+0113 (decimal 275)
   defining Unicode char U+0114 (decimal 276)
   defining Unicode char U+0115 (decimal 277)
   defining Unicode char U+0116 (decimal 278)
   defining Unicode char U+0117 (decimal 279)
   defining Unicode char U+0118 (decimal 280)
   defining Unicode char U+0119 (decimal 281)
   defining Unicode char U+011A (decimal 282)
   defining Unicode char U+011B (decimal 283)
   defining Unicode char U+011C (decimal 284)
   defining Unicode char U+011D (decimal 285)
   defining Unicode char U+011E (decimal 286)
   defining Unicode char U+011F (decimal 287)
   defining Unicode char U+0120 (decimal 288)
   defining Unicode char U+0121 (decimal 289)
   defining Unicode char U+0122 (decimal 290)
   defining Unicode char U+0123 (decimal 291)
   defining Unicode char U+0124 (decimal 292)
   defining Unicode char U+0125 (decimal 293)
   defining Unicode char U+0128 (decimal 296)
   defining Unicode char U+0129 (decimal 297)
   defining Unicode char U+012A (decimal 298)
   defining Unicode char U+012B (decimal 299)
   defining Unicode char U+012C (decimal 300)
   defining Unicode char U+012D (decimal 301)
   defining Unicode char U+012E (decimal 302)
   defining Unicode char U+012F (decimal 303)
   defining Unicode char U+0130 (decimal 304)
   defining Unicode char U+0131 (decimal 305)
   defining Unicode char U+0132 (decimal 306)
   defining Unicode char U+0133 (decimal 307)
   defining Unicode char U+0134 (decimal 308)
   defining Unicode char U+0135 (decimal 309)
   defining Unicode char U+0136 (decimal 310)
   defining Unicode char U+0137 (decimal 311)
   defining Unicode char U+0139 (decimal 313)
   defining Unicode char U+013A (decimal 314)
   defining Unicode char U+013B (decimal 315)
   defining Unicode char U+013C (decimal 316)
   defining Unicode char U+013D (decimal 317)
   defining Unicode char U+013E (decimal 318)
   defining Unicode char U+0141 (decimal 321)
   defining Unicode char U+0142 (decimal 322)
   defining Unicode char U+0143 (decimal 323)
   defining Unicode char U+0144 (decimal 324)
   defining Unicode char U+0145 (decimal 325)
   defining Unicode char U+0146 (decimal 326)
   defining Unicode char U+0147 (decimal 327)
   defining Unicode char U+0148 (decimal 328)
   defining Unicode char U+014A (decimal 330)
   defining Unicode char U+014B (decimal 331)
   defining Unicode char U+014C (decimal 332)
   defining Unicode char U+014D (decimal 333)
   defining Unicode char U+014E (decimal 334)
   defining Unicode char U+014F (decimal 335)
   defining Unicode char U+0150 (decimal 336)
   defining Unicode char U+0151 (decimal 337)
   defining Unicode char U+0152 (decimal 338)
   defining Unicode char U+0153 (decimal 339)
   defining Unicode char U+0154 (decimal 340)
   defining Unicode char U+0155 (decimal 341)
   defining Unicode char U+0156 (decimal 342)
   defining Unicode char U+0157 (decimal 343)
   defining Unicode char U+0158 (decimal 344)
   defining Unicode char U+0159 (decimal 345)
   defining Unicode char U+015A (decimal 346)
   defining Unicode char U+015B (decimal 347)
   defining Unicode char U+015C (decimal 348)
   defining Unicode char U+015D (decimal 349)
   defining Unicode char U+015E (decimal 350)
   defining Unicode char U+015F (decimal 351)
   defining Unicode char U+0160 (decimal 352)
   defining Unicode char U+0161 (decimal 353)
   defining Unicode char U+0162 (decimal 354)
   defining Unicode char U+0163 (decimal 355)
   defining Unicode char U+0164 (decimal 356)
   defining Unicode char U+0165 (decimal 357)
   defining Unicode char U+0168 (decimal 360)
   defining Unicode char U+0169 (decimal 361)
   defining Unicode char U+016A (decimal 362)
   defining Unicode char U+016B (decimal 363)
   defining Unicode char U+016C (decimal 364)
   defining Unicode char U+016D (decimal 365)
   defining Unicode char U+016E (decimal 366)
   defining Unicode char U+016F (decimal 367)
   defining Unicode char U+0170 (decimal 368)
   defining Unicode char U+0171 (decimal 369)
   defining Unicode char U+0172 (decimal 370)
   defining Unicode char U+0173 (decimal 371)
   defining Unicode char U+0174 (decimal 372)
   defining Unicode char U+0175 (decimal 373)
   defining Unicode char U+0176 (decimal 374)
   defining Unicode char U+0177 (decimal 375)
   defining Unicode char U+0178 (decimal 376)
   defining Unicode char U+0179 (decimal 377)
   defining Unicode char U+017A (decimal 378)
   defining Unicode char U+017B (decimal 379)
   defining Unicode char U+017C (decimal 380)
   defining Unicode char U+017D (decimal 381)
   defining Unicode char U+017E (decimal 382)
   defining Unicode char U+01CD (decimal 461)
   defining Unicode char U+01CE (decimal 462)
   defining Unicode char U+01CF (decimal 463)
   defining Unicode char U+01D0 (decimal 464)
   defining Unicode char U+01D1 (decimal 465)
   defining Unicode char U+01D2 (decimal 466)
   defining Unicode char U+01D3 (decimal 467)
   defining Unicode char U+01D4 (decimal 468)
   defining Unicode char U+01E2 (decimal 482)
   defining Unicode char U+01E3 (decimal 483)
   defining Unicode char U+01E6 (decimal 486)
   defining Unicode char U+01E7 (decimal 487)
   defining Unicode char U+01E8 (decimal 488)
   defining Unicode char U+01E9 (decimal 489)
   defining Unicode char U+01EA (decimal 490)
   defining Unicode char U+01EB (decimal 491)
   defining Unicode char U+01F0 (decimal 496)
   defining Unicode char U+01F4 (decimal 500)
   defining Unicode char U+01F5 (decimal 501)
   defining Unicode char U+0218 (decimal 536)
   defining Unicode char U+0219 (decimal 537)
   defining Unicode char U+021A (decimal 538)
   defining Unicode char U+021B (decimal 539)
   defining Unicode char U+1E02 (decimal 7682)
   defining Unicode char U+1E03 (decimal 7683)
   defining Unicode char U+200C (decimal 8204)
   defining Unicode char U+2010 (decimal 8208)
   defining Unicode char U+2011 (decimal 8209)
   defining Unicode char U+2012 (decimal 8210)
   defining Unicode char U+2013 (decimal 8211)
   defining Unicode char U+2014 (decimal 8212)
   defining Unicode char U+2015 (decimal 8213)
   defining Unicode char U+2018 (decimal 8216)
   defining Unicode char U+2019 (decimal 8217)
   defining Unicode char U+201A (decimal 8218)
   defining Unicode char U+201C (decimal 8220)
   defining Unicode char U+201D (decimal 8221)
   defining Unicode char U+201E (decimal 8222)
   defining Unicode char U+2030 (decimal 8240)
   defining Unicode char U+2031 (decimal 8241)
   defining Unicode char U+2039 (decimal 8249)
   defining Unicode char U+203A (decimal 8250)
   defining Unicode char U+2423 (decimal 9251)
)
Now handling font encoding OT1 ...
... processing UTF-8 mapping file for font encoding OT1

("C:\Users\Florian\AppData\Local\Programs\MiKTeX 2.9\tex\latex\base\ot1enc.dfu"
File: ot1enc.dfu 2016/02/28 v1.1s UTF-8 support for inputenc
   defining Unicode char U+00A0 (decimal 160)
   defining Unicode char U+00A1 (decimal 161)
   defining Unicode char U+00A3 (decimal 163)
   defining Unicode char U+00AD (decimal 173)
   defining Unicode char U+00B8 (decimal 184)
   defining Unicode char U+00BF (decimal 191)
   defining Unicode char U+00C5 (decimal 197)
   defining Unicode char U+00C6 (decimal 198)
   defining Unicode char U+00D8 (decimal 216)
   defining Unicode char U+00DF (decimal 223)
   defining Unicode char U+00E6 (decimal 230)
   defining Unicode char U+00EC (decimal 236)
   defining Unicode char U+00ED (decimal 237)
   defining Unicode char U+00EE (decimal 238)
   defining Unicode char U+00EF (decimal 239)
   defining Unicode char U+00F8 (decimal 248)
   defining Unicode char U+0131 (decimal 305)
   defining Unicode char U+0141 (decimal 321)
   defining Unicode char U+0142 (decimal 322)
   defining Unicode char U+0152 (decimal 338)
   defining Unicode char U+0153 (decimal 339)
   defining Unicode char U+0174 (decimal 372)
   defining Unicode char U+0175 (decimal 373)
   defining Unicode char U+0176 (decimal 374)
   defining Unicode char U+0177 (decimal 375)
   defining Unicode char U+0218 (decimal 536)
   defining Unicode char U+0219 (decimal 537)
   defining Unicode char U+021A (decimal 538)
   defining Unicode char U+021B (decimal 539)
   defining Unicode char U+2013 (decimal 8211)
   defining Unicode char U+2014 (decimal 8212)
   defining Unicode char U+2018 (decimal 8216)
   defining Unicode char U+2019 (decimal 8217)
   defining Unicode char U+201C (decimal 8220)
   defining Unicode char U+201D (decimal 8221)
)
Now handling font encoding OMS ...
... processing UTF-8 mapping file for font encoding OMS
 ("C:\Users\Florian\AppData\Local\Programs\MiKTeX 2.9\tex\latex\base\omsenc.dfu
"
File: omsenc.dfu 2016/02/28 v1.1s UTF-8 support for inputenc
   defining Unicode char U+00A7 (decimal 167)
   defining Unicode char U+00B6 (decimal 182)
   defining Unicode char U+00B7 (decimal 183)
   defining Unicode char U+2020 (decimal 8224)
   defining Unicode char U+2021 (decimal 8225)
   defining Unicode char U+2022 (decimal 8226)
)
Now handling font encoding OMX ...
... no UTF-8 mapping file for font encoding OMX
Now handling font encoding U ...
... no UTF-8 mapping file for font encoding U
   defining Unicode char U+00A9 (decimal 169)
   defining Unicode char U+00AA (decimal 170)
   defining Unicode char U+00AE (decimal 174)
   defining Unicode char U+00BA (decimal 186)
   defining Unicode char U+02C6 (decimal 710)
   defining Unicode char U+02DC (decimal 732)
   defining Unicode char U+200C (decimal 8204)
   defining Unicode char U+2026 (decimal 8230)
   defining Unicode char U+2122 (decimal 8482)
   defining Unicode char U+2423 (decimal 9251)
))
("C:\Users\Florian\AppData\Local\Programs\MiKTeX 2.9\tex\latex\amsmath\amsmath.
sty"
Package: amsmath 2016/06/28 v2.15d AMS math features
\@mathmargin=\skip43

For additional information on amsmath, use the `?' option.

("C:\Users\Florian\AppData\Local\Programs\MiKTeX 2.9\tex\latex\amsmath\amstext.
sty"
Package: amstext 2000/06/29 v2.01 AMS text

("C:\Users\Florian\AppData\Local\Programs\MiKTeX 2.9\tex\latex\amsmath\amsgen.s
ty"
File: amsgen.sty 1999/11/30 v2.0 generic functions
\@emptytoks=\toks16
\ex@=\dimen104
))
("C:\Users\Florian\AppData\Local\Programs\MiKTeX 2.9\tex\latex\amsmath\amsbsy.s
ty"
Package: amsbsy 1999/11/29 v1.2d Bold Symbols
\pmbraise@=\dimen105
)
("C:\Users\Florian\AppData\Local\Programs\MiKTeX 2.9\tex\latex\amsmath\amsopn.s
ty"
Package: amsopn 2016/03/08 v2.02 operator names
)
\inf@bad=\count88
LaTeX Info: Redefining \frac on input line 199.
\uproot@=\count89
\leftroot@=\count90
LaTeX Info: Redefining \overline on input line 297.
\classnum@=\count91
\DOTSCASE@=\count92
LaTeX Info: Redefining \ldots on input line 394.
LaTeX Info: Redefining \dots on input line 397.
LaTeX Info: Redefining \cdots on input line 518.
\Mathstrutbox@=\box26
\strutbox@=\box27
\big@size=\dimen106
LaTeX Font Info:    Redeclaring font encoding OML on input line 634.
LaTeX Font Info:    Redeclaring font encoding OMS on input line 635.
\macc@depth=\count93
\c@MaxMatrixCols=\count94
\dotsspace@=\muskip10
\c@parentequation=\count95
\dspbrk@lvl=\count96
\tag@help=\toks17
\row@=\count97
\column@=\count98
\maxfields@=\count99
\andhelp@=\toks18
\eqnshift@=\dimen107
\alignsep@=\dimen108
\tagshift@=\dimen109
\tagwidth@=\dimen110
\totwidth@=\dimen111
\lineht@=\dimen112
\@envbody=\toks19
\multlinegap=\skip44
\multlinetaggap=\skip45
\mathdisplay@stack=\toks20
LaTeX Info: Redefining \[ on input line 2739.
LaTeX Info: Redefining \] on input line 2740.
)
("C:\Users\Florian\AppData\Local\Programs\MiKTeX 2.9\tex\latex\amsfonts\amsfont
s.sty"
Package: amsfonts 2013/01/14 v3.01 Basic AMSFonts support
\symAMSa=\mathgroup4
\symAMSb=\mathgroup5
LaTeX Font Info:    Overwriting math alphabet `\mathfrak' in version `bold'
(Font)                  U/euf/m/n --> U/euf/b/n on input line 106.
)
("C:\Users\Florian\AppData\Local\Programs\MiKTeX 2.9\tex\latex\amsfonts\amssymb
.sty"
Package: amssymb 2013/01/14 v3.01 AMS font symbols
)
("C:\Users\Florian\AppData\Local\Programs\MiKTeX 2.9\tex\latex\amscls\amsthm.st
y"
Package: amsthm 2015/03/04 v2.20.2
\thm@style=\toks21
\thm@bodyfont=\toks22
\thm@headfont=\toks23
\thm@notefont=\toks24
\thm@headpunct=\toks25
\thm@preskip=\skip46
\thm@postskip=\skip47
\thm@headsep=\skip48
\dth@everypar=\toks26
)
("C:\Users\Florian\AppData\Local\Programs\MiKTeX 2.9\tex\latex\natbib\natbib.st
y"
Package: natbib 2010/09/13 8.31b (PWD, AO)
\bibhang=\skip49
\bibsep=\skip50
LaTeX Info: Redefining \cite on input line 694.
\c@NAT@ctr=\count100
)
("C:\Users\Florian\AppData\Local\Programs\MiKTeX 2.9\tex\latex\graphics\graphic
x.sty"
Package: graphicx 2014/10/28 v1.0g Enhanced LaTeX Graphics (DPC,SPQR)

("C:\Users\Florian\AppData\Local\Programs\MiKTeX 2.9\tex\latex\graphics\keyval.
sty"
Package: keyval 2014/10/28 v1.15 key=value parser (DPC)
\KV@toks@=\toks27
)
("C:\Users\Florian\AppData\Local\Programs\MiKTeX 2.9\tex\latex\graphics\graphic
s.sty"
Package: graphics 2016/07/10 v1.0t Standard LaTeX Graphics (DPC,SPQR)

("C:\Users\Florian\AppData\Local\Programs\MiKTeX 2.9\tex\latex\graphics\trig.st
y"
Package: trig 2016/01/03 v1.10 sin cos tan (DPC)
)
("C:\Users\Florian\AppData\Local\Programs\MiKTeX 2.9\tex\latex\00miktex\graphic
s.cfg"
File: graphics.cfg 2016/06/04 v1.11 sample graphics configuration
)
Package graphics Info: Driver file: pdftex.def on input line 99.

("C:\Users\Florian\AppData\Local\Programs\MiKTeX 2.9\tex\latex\graphics-def\pdf
tex.def"
File: pdftex.def 2016/07/10 v0.06j Graphics/color for pdfTeX

("C:\Users\Florian\AppData\Local\Programs\MiKTeX 2.9\tex\generic\oberdiek\infwa
rerr.sty"
Package: infwarerr 2016/05/16 v1.4 Providing info/warning/error messages (HO)
)
("C:\Users\Florian\AppData\Local\Programs\MiKTeX 2.9\tex\generic\oberdiek\ltxcm
ds.sty"
Package: ltxcmds 2016/05/16 v1.23 LaTeX kernel commands for general use (HO)
)
\Gread@gobject=\count101
))
\Gin@req@height=\dimen113
\Gin@req@width=\dimen114
)
("C:\Users\Florian\AppData\Local\Programs\MiKTeX 2.9\tex\latex\wrapfig\wrapfig.
sty"
\wrapoverhang=\dimen115
\WF@size=\dimen116
\c@WF@wrappedlines=\count102
\WF@box=\box28
\WF@everypar=\toks28
Package: wrapfig 2003/01/31  v 3.6
)
("C:\Users\Florian\AppData\Local\Programs\MiKTeX 2.9\tex\latex\enumitem\enumite
m.sty"
Package: enumitem 2011/09/28 v3.5.2 Customized lists
\labelindent=\skip51
\enit@outerparindent=\dimen117
\enit@toks=\toks29
\enit@inbox=\box29
\enitdp@description=\count103
)
("C:\Users\Florian\AppData\Local\Programs\MiKTeX 2.9\tex\latex\subfigure\subfig
ure.sty"
Package: subfigure 2002/07/30 v2.1.4 subfigure package
\subfigtopskip=\skip52
\subfigcapskip=\skip53
\subfigcaptopadj=\dimen118
\subfigbottomskip=\skip54
\subfigcapmargin=\dimen119
\subfiglabelskip=\skip55
\c@subfigure=\count104
\c@lofdepth=\count105
\c@subtable=\count106
\c@lotdepth=\count107

****************************************
* Local config file subfigure.cfg used *
****************************************

("C:\Users\Florian\AppData\Local\Programs\MiKTeX 2.9\tex\latex\subfigure\subfig
ure.cfg")
\subfig@top=\skip56
\subfig@bottom=\skip57
)
("C:\Users\Florian\AppData\Local\Programs\MiKTeX 2.9\tex\latex\url\url.sty"
\Urlmuskip=\muskip11
Package: url 2013/09/16  ver 3.4  Verb mode for urls, etc.
)
("C:\Users\Florian\AppData\Local\Programs\MiKTeX 2.9\tex\latex\tools\multicol.s
ty"
Package: multicol 2016/04/07 v1.8p multicolumn formatting (FMi)
\c@tracingmulticols=\count108
\mult@box=\box30
\multicol@leftmargin=\dimen120
\c@unbalance=\count109
\c@collectmore=\count110
\doublecol@number=\count111
\multicoltolerance=\count112
\multicolpretolerance=\count113
\full@width=\dimen121
\page@free=\dimen122
\premulticols=\dimen123
\postmulticols=\dimen124
\multicolsep=\skip58
\multicolbaselineskip=\skip59
\partial@page=\box31
\last@line=\box32
\maxbalancingoverflow=\dimen125
\mult@rightbox=\box33
\mult@grightbox=\box34
\mult@gfirstbox=\box35
\mult@firstbox=\box36
\@tempa=\box37
\@tempa=\box38
\@tempa=\box39
\@tempa=\box40
\@tempa=\box41
\@tempa=\box42
\@tempa=\box43
\@tempa=\box44
\@tempa=\box45
\@tempa=\box46
\@tempa=\box47
\@tempa=\box48
\@tempa=\box49
\@tempa=\box50
\@tempa=\box51
\@tempa=\box52
\@tempa=\box53
\c@columnbadness=\count114
\c@finalcolumnbadness=\count115
\last@try=\dimen126
\multicolovershoot=\dimen127
\multicolundershoot=\dimen128
\mult@nat@firstbox=\box54
\colbreak@box=\box55
\mc@col@check@num=\count116
)
("C:\Users\Florian\AppData\Local\Programs\MiKTeX 2.9\tex\latex\fancyhdr\fancyhd
r.sty"
Package: fancyhdr 2016/09/06 3.8 Extensive control of page headers and footers
\fancy@headwidth=\skip60
\f@ncyO@elh=\skip61
\f@ncyO@erh=\skip62
\f@ncyO@olh=\skip63
\f@ncyO@orh=\skip64
\f@ncyO@elf=\skip65
\f@ncyO@erf=\skip66
\f@ncyO@olf=\skip67
\f@ncyO@orf=\skip68
) (Harmonische_Lage.aux

LaTeX Warning: Label `fig:modernSatz' multiply defined.

)
\openout1 = `Harmonische_Lage.aux'.

LaTeX Font Info:    Checking defaults for OML/cmm/m/it on input line 27.
LaTeX Font Info:    ... okay on input line 27.
LaTeX Font Info:    Checking defaults for T1/cmr/m/n on input line 27.
LaTeX Font Info:    ... okay on input line 27.
LaTeX Font Info:    Checking defaults for OT1/cmr/m/n on input line 27.
LaTeX Font Info:    ... okay on input line 27.
LaTeX Font Info:    Checking defaults for OMS/cmsy/m/n on input line 27.
LaTeX Font Info:    ... okay on input line 27.
LaTeX Font Info:    Checking defaults for OMX/cmex/m/n on input line 27.
LaTeX Font Info:    ... okay on input line 27.
LaTeX Font Info:    Checking defaults for U/cmr/m/n on input line 27.
LaTeX Font Info:    ... okay on input line 27.

("C:\Users\Florian\AppData\Local\Programs\MiKTeX 2.9\tex\context\base\supp-pdf.
mkii"
[Loading MPS to PDF converter (version 2006.09.02).]
\scratchcounter=\count117
\scratchdimen=\dimen129
\scratchbox=\box56
\nofMPsegments=\count118
\nofMParguments=\count119
\everyMPshowfont=\toks30
\MPscratchCnt=\count120
\MPscratchDim=\dimen130
\MPnumerator=\count121
\makeMPintoPDFobject=\count122
\everyMPtoPDFconversion=\toks31
)
("C:\Users\Florian\AppData\Local\Programs\MiKTeX 2.9\tex\generic\oberdiek\pdfte
xcmds.sty"
Package: pdftexcmds 2016/05/21 v0.22 Utility functions of pdfTeX for LuaTeX (HO
)

("C:\Users\Florian\AppData\Local\Programs\MiKTeX 2.9\tex\generic\oberdiek\iflua
tex.sty"
Package: ifluatex 2016/05/16 v1.4 Provides the ifluatex switch (HO)
Package ifluatex Info: LuaTeX not detected.
)
("C:\Users\Florian\AppData\Local\Programs\MiKTeX 2.9\tex\generic\oberdiek\ifpdf
.sty"
Package: ifpdf 2016/05/14 v3.1 Provides the ifpdf switch
)
Package pdftexcmds Info: LuaTeX not detected.
Package pdftexcmds Info: \pdf@primitive is available.
Package pdftexcmds Info: \pdf@ifprimitive is available.
Package pdftexcmds Info: \pdfdraftmode found.
)
("C:\Users\Florian\AppData\Local\Programs\MiKTeX 2.9\tex\latex\oberdiek\epstopd
f-base.sty"
Package: epstopdf-base 2016/05/15 v2.6 Base part for package epstopdf

("C:\Users\Florian\AppData\Local\Programs\MiKTeX 2.9\tex\latex\oberdiek\grfext.
sty"
Package: grfext 2016/05/16 v1.2 Manage graphics extensions (HO)

("C:\Users\Florian\AppData\Local\Programs\MiKTeX 2.9\tex\generic\oberdiek\kvdef
inekeys.sty"
Package: kvdefinekeys 2016/05/16 v1.4 Define keys (HO)
))
("C:\Users\Florian\AppData\Local\Programs\MiKTeX 2.9\tex\latex\oberdiek\kvoptio
ns.sty"
Package: kvoptions 2016/05/16 v3.12 Key value format for package options (HO)

("C:\Users\Florian\AppData\Local\Programs\MiKTeX 2.9\tex\generic\oberdiek\kvset
keys.sty"
Package: kvsetkeys 2016/05/16 v1.17 Key value parser (HO)

("C:\Users\Florian\AppData\Local\Programs\MiKTeX 2.9\tex\generic\oberdiek\etexc
mds.sty"
Package: etexcmds 2016/05/16 v1.6 Avoid name clashes with e-TeX commands (HO)
Package etexcmds Info: Could not find \expanded.
(etexcmds)             That can mean that you are not using pdfTeX 1.50 or
(etexcmds)             that some package has redefined \expanded.
(etexcmds)             In the latter case, load this package earlier.
)))
Package epstopdf-base Info: Redefining graphics rule for `.eps' on input line 4
38.
Package grfext Info: Graphics extension search list:
(grfext)             [.png,.pdf,.jpg,.mps,.jpeg,.jbig2,.jb2,.PNG,.PDF,.JPG,.JPE
G,.JBIG2,.JB2,.eps]
(grfext)             \AppendGraphicsExtensions on input line 456.
) [1

{C:/Users/Florian/AppData/Local/MiKTeX/2.9/pdftex/config/pdftex.map}] (Harmonis
che_Lage.toc
LaTeX Font Info:    Try loading font information for U+msa on input line 5.

("C:\Users\Florian\AppData\Local\Programs\MiKTeX 2.9\tex\latex\amsfonts\umsa.fd
"
File: umsa.fd 2013/01/14 v3.01 AMS symbols A
)
LaTeX Font Info:    Try loading font information for U+msb on input line 5.

("C:\Users\Florian\AppData\Local\Programs\MiKTeX 2.9\tex\latex\amsfonts\umsb.fd
"
File: umsb.fd 2013/01/14 v3.01 AMS symbols B
))
\tf@toc=\write3
\openout3 = `Harmonische_Lage.toc'.



Package Fancyhdr Warning: \headheight is too small (12.0pt): 
 Make it at least 14.49998pt.
 We now make it that large for the rest of the document.
 This may cause the page layout to be inconsistent, however.

[1]
Overfull \hbox (0.77643pt too wide) in paragraph at lines 63--64
[]\OT1/cmr/m/n/12 Betrachten wir bei-spiels-wei-se einen S[]aulengang wie in Ab
-bil-dung 1[], so w[]urden
 []

<Bilder/Saeulengang.jpg, id=12, 1204.5pt x 803.0pt>
File: Bilder/Saeulengang.jpg Graphic file (type jpg)

<use Bilder/Saeulengang.jpg>
Package pdftex.def Info: Bilder/Saeulengang.jpg used on input line 66.
(pdftex.def)             Requested size: 175.49881pt x 116.98952pt.

<Bilder/Saeulengang_Netz.jpg, id=13, 1204.5pt x 803.0pt>
File: Bilder/Saeulengang_Netz.jpg Graphic file (type jpg)

<use Bilder/Saeulengang_Netz.jpg>
Package pdftex.def Info: Bilder/Saeulengang_Netz.jpg used on input line 67.
(pdftex.def)             Requested size: 175.49881pt x 116.98952pt.

Underfull \hbox (badness 10000) in paragraph at lines 71--71
[][]\OT1/cmr/m/n/10 http://www.feeistmeinname.de/wp-content/uploads/2016/06/201
60616-
 []

[2 <./Bilder/Saeulengang.jpg> <./Bilder/Saeulengang_Netz.jpg>]
<Bilder/herleitung1.png, id=19, 147.9126pt x 113.9457pt>
File: Bilder/herleitung1.png Graphic file (type png)

<use Bilder/herleitung1.png>
Package pdftex.def Info: Bilder/herleitung1.png used on input line 86.
(pdftex.def)             Requested size: 142.26378pt x 109.59698pt.

<Bilder/herleitung2.png, id=21, 148.1535pt x 113.9457pt>
File: Bilder/herleitung2.png Graphic file (type png)

<use Bilder/herleitung2.png>
Package pdftex.def Info: Bilder/herleitung2.png used on input line 90.
(pdftex.def)             Requested size: 142.26378pt x 109.42485pt.

<Bilder/herleitung3.png, id=22, 148.1535pt x 113.9457pt>
File: Bilder/herleitung3.png Graphic file (type png)

<use Bilder/herleitung3.png>
Package pdftex.def Info: Bilder/herleitung3.png used on input line 94.
(pdftex.def)             Requested size: 142.26378pt x 109.42485pt.

Underfull \hbox (badness 10000) in paragraph at lines 105--109

 []

[3 <./Bilder/herleitung1.png> <./Bilder/herleitung2.png> <./Bilder/herleitung3.
png>] <Bilder/fuer_mehrere_geraden.png, id=30, 218.7372pt x 197.7789pt>
File: Bilder/fuer_mehrere_geraden.png Graphic file (type png)

<use Bilder/fuer_mehrere_geraden.png>
Package pdftex.def Info: Bilder/fuer_mehrere_geraden.png used on input line 114
.
(pdftex.def)             Requested size: 195.0pt x 176.31538pt.
 [4 <./Bilder/fuer_mehrere_geraden.png>]
<Bilder/vollstaendigesVierseit.png, id=35, 363.9999pt x 242.3454pt>
File: Bilder/vollstaendigesVierseit.png Graphic file (type png)

<use Bilder/vollstaendigesVierseit.png>
Package pdftex.def Info: Bilder/vollstaendigesVierseit.png used on input line 1
25.
(pdftex.def)             Requested size: 136.50238pt x 90.883pt.

Overfull \hbox (19.90134pt too wide) in paragraph at lines 133--134
[]\OT1/cmr/m/n/12 Dabei ver-steht man un-ter ei-nem vollst[]andigen
 []

LaTeX Font Info:    Try loading font information for OMS+cmr on input line 136.

("C:\Users\Florian\AppData\Local\Programs\MiKTeX 2.9\tex\latex\base\omscmr.fd"
File: omscmr.fd 2014/09/29 v2.5h Standard LaTeX font definitions
)
LaTeX Font Info:    Font shape `OMS/cmr/m/n' in size <12> not available
(Font)              Font shape `OMS/cmsy/m/n' tried instead on input line 136.

Overfull \hbox (14.87631pt too wide) in paragraph at lines 138--139
\OT1/cmr/m/n/12 Ecken mit-ein-an-der ver-bin-den, die nicht
 []


Overfull \hbox (26.67049pt too wide) in paragraph at lines 139--140
[]\OT1/cmr/m/n/12 den drei Ne-ben-ecken $\OML/cmm/m/it/12 C; D; T$\OT1/cmr/m/n/
12 , die Schnitt-
 []

<Bilder/vollstaendigesViereck.png, id=36, 364.4817pt x 242.3454pt>
File: Bilder/vollstaendigesViereck.png Graphic file (type png)

<use Bilder/vollstaendigesViereck.png>
Package pdftex.def Info: Bilder/vollstaendigesViereck.png used on input line 14
4.
(pdftex.def)             Requested size: 136.50238pt x 90.76096pt.

Overfull \hbox (19.90134pt too wide) in paragraph at lines 152--153
[]\OT1/cmr/m/n/12 Dabei ver-steht man un-ter ei-nem vollst[]andigen
 []


Overfull \hbox (4.57233pt too wide) in paragraph at lines 159--160
[]\OT1/cmr/m/n/12 den drei Ne-bensei-ten $\OML/cmm/m/it/12 c; d; i$\OT1/cmr/m/n
/12 , die durch
 []

[5 <./Bilder/vollstaendigesVierseit.png> <./Bilder/vollstaendigesViereck.png>]
Underfull \hbox (badness 10000) in paragraph at lines 162--166

 []

<Bilder/thales.png, id=43, 147.9126pt x 84.7968pt>
File: Bilder/thales.png Graphic file (type png)
 <use Bilder/thales.png>
Package pdftex.def Info: Bilder/thales.png used on input line 168.
(pdftex.def)             Requested size: 155.99762pt x 89.43517pt.

<Bilder/strahlensatz.png, id=44, 147.9126pt x 77.8107pt>
File: Bilder/strahlensatz.png Graphic file (type png)

<use Bilder/strahlensatz.png>
Package pdftex.def Info: Bilder/strahlensatz.png used on input line 169.
(pdftex.def)             Requested size: 155.99762pt x 82.06694pt.
 [6 <./Bilder/thales.png> <./Bilder/strahlensatz.png>] <Bilder/13erKonfigStepby
Step.png, id=51, 363.9999pt x 296.7888pt>
File: Bilder/13erKonfigStepbyStep.png Graphic file (type png)

<use Bilder/13erKonfigStepbyStep.png>
Package pdftex.def Info: Bilder/13erKonfigStepbyStep.png used on input line 187
.
(pdftex.def)             Requested size: 272.99881pt x 222.60916pt.

<Bilder/13erKonfigStepbyStep3.png, id=52, 166.4619pt x 681.747pt>
File: Bilder/13erKonfigStepbyStep3.png Graphic file (type png)

<use Bilder/13erKonfigStepbyStep3.png>
Package pdftex.def Info: Bilder/13erKonfigStepbyStep3.png used on input line 19
6.
(pdftex.def)             Requested size: 136.50238pt x 559.06735pt.
 [7 <./Bilder/13erKonfigStepbyStep.png>]
Overfull \hbox (0.3335pt too wide) in paragraph at lines 203--204
[]\OT1/cmr/m/n/12 Damit h[]atten wir die har-mo-ni-sche Grund-
 []

[8 <./Bilder/13erKonfigStepbyStep3.png>]
<Bilder/13_neu.png, id=61, 363.9999pt x 224.5188pt>
File: Bilder/13_neu.png Graphic file (type png)
 <use Bilder/13_neu.png>
Package pdftex.def Info: Bilder/13_neu.png used on input line 209.
(pdftex.def)             Requested size: 136.50238pt x 84.19775pt.

Underfull \hbox (badness 1117) in paragraph at lines 214--215
\OT1/cmr/m/n/12 /Geradenpaaren ei-nes als Nebenecke/-
 []

[9 <./Bilder/13_neu.png>]
<Bilder/inftyPoint.png, id=66, 745.1037pt x 166.221pt>
File: Bilder/inftyPoint.png Graphic file (type png)

<use Bilder/inftyPoint.png>
Package pdftex.def Info: Bilder/inftyPoint.png used on input line 238.
(pdftex.def)             Requested size: 390.0pt x 87.00354pt.
 [10 <./Bilder/inftyPoint.png>]
<Bilder/daVinvi1.jpg, id=71, 501.875pt x 286.06876pt>
File: Bilder/daVinvi1.jpg Graphic file (type jpg)

<use Bilder/daVinvi1.jpg>
Package pdftex.def Info: Bilder/daVinvi1.jpg used on input line 251.
(pdftex.def)             Requested size: 272.99881pt x 155.61847pt.
 [11 <./Bilder/daVinvi1.jpg>] [12]
<Bilder/tv_strahl.png, id=80, 225.7233pt x 20.9583pt>
File: Bilder/tv_strahl.png Graphic file (type png)

<use Bilder/tv_strahl.png>
Package pdftex.def Info: Bilder/tv_strahl.png used on input line 294.
(pdftex.def)             Requested size: 390.0pt x 36.21191pt.
 [13 <./Bilder/tv_strahl.png>]
File: Bilder/herleitung3.png Graphic file (type png)

<use Bilder/herleitung3.png>
Package pdftex.def Info: Bilder/herleitung3.png used on input line 340.
(pdftex.def)             Requested size: 155.99762pt x 119.98727pt.

<Bilder/doppelverhaeltnis.png, id=87, 201.3924pt x 99.7326pt>
File: Bilder/doppelverhaeltnis.png Graphic file (type png)

<use Bilder/doppelverhaeltnis.png>
Package pdftex.def Info: Bilder/doppelverhaeltnis.png used on input line 350.
(pdftex.def)             Requested size: 195.0pt x 96.567pt.
 [14] [15 <./Bilder/doppelverhaeltnis.png>]
<Bilder/vierGeraden.png, id=95, 364.2408pt x 210.0648pt>
File: Bilder/vierGeraden.png Graphic file (type png)

<use Bilder/vierGeraden.png>
Package pdftex.def Info: Bilder/vierGeraden.png used on input line 396.
(pdftex.def)             Requested size: 272.99881pt x 157.45204pt.
 [16 <./Bilder/vierGeraden.png>] [17] [18]
<Bilder/harmMittel.png, id=108, 363.9999pt x 315.3381pt>
File: Bilder/harmMittel.png Graphic file (type png)

<use Bilder/harmMittel.png>
Package pdftex.def Info: Bilder/harmMittel.png used on input line 463.
(pdftex.def)             Requested size: 155.99762pt x 135.14525pt.

<Bilder/harmMittel2.png, id=109, 363.9999pt x 315.3381pt>
File: Bilder/harmMittel2.png Graphic file (type png)

<use Bilder/harmMittel2.png>
Package pdftex.def Info: Bilder/harmMittel2.png used on input line 464.
(pdftex.def)             Requested size: 155.99762pt x 135.14525pt.

Underfull \hbox (badness 2057) in paragraph at lines 464--464
[]\OT1/cmr/m/n/10 (b) Har-mo-ni-sches und arith-me-ti-
 []

[19] [20 <./Bilder/harmMittel.png> <./Bilder/harmMittel2.png>]
<Bilder/folge.png, id=118, 284.5029pt x 103.1052pt>
File: Bilder/folge.png Graphic file (type png)
 <use Bilder/folge.png>
Package pdftex.def Info: Bilder/folge.png used on input line 493.
(pdftex.def)             Requested size: 390.0pt x 141.33821pt.

[21 <./Bilder/folge.png>] [22]
<Bilder/goldenratio.png, id=126, 563.2242pt x 106.4778pt>
File: Bilder/goldenratio.png Graphic file (type png)

<use Bilder/goldenratio.png>
Package pdftex.def Info: Bilder/goldenratio.png used on input line 543.
(pdftex.def)             Requested size: 390.0pt x 73.7297pt.
 [23 <./Bilder/goldenratio.png>]
<Bilder/Brunelleschi-Zentralperspektive.jpg, id=131, 192.72pt x 172.9662pt>
File: Bilder/Brunelleschi-Zentralperspektive.jpg Graphic file (type jpg)

<use Bilder/Brunelleschi-Zentralperspektive.jpg>
Package pdftex.def Info: Bilder/Brunelleschi-Zentralperspektive.jpg used on inp
ut line 560.
(pdftex.def)             Requested size: 155.99762pt x 140.00684pt.
 [24 <./Bilder/Brunelleschi-Zentralperspektive.jpg>] <Bilder/braccia.png, id=13
7, 417.9615pt x 158.994pt>
File: Bilder/braccia.png Graphic file (type png)

<use Bilder/braccia.png>
Package pdftex.def Info: Bilder/braccia.png used on input line 579.
(pdftex.def)             Requested size: 390.0pt x 148.36508pt.
 [25] [26 <./Bilder/braccia.png>]
<Bilder/oldManus.jpg, id=145, 1016.79875pt x 715.67375pt>
File: Bilder/oldManus.jpg Graphic file (type jpg)

<use Bilder/oldManus.jpg>
Package pdftex.def Info: Bilder/oldManus.jpg used on input line 599.
(pdftex.def)             Requested size: 272.99881pt x 192.14246pt.

Underfull \hbox (badness 10000) in paragraph at lines 605--605
[][]$\OT1/cmtt/m/n/10 http : / / 2 . bp . blogspot . com / -[]T1sKx1wT9js / URJ
xAQ28tvI / AAAAAAAAADI /
 []

<Bilder/page_construction.png, id=146, 498.4221pt x 374.8404pt>
File: Bilder/page_construction.png Graphic file (type png)

<use Bilder/page_construction.png>
Package pdftex.def Info: Bilder/page_construction.png used on input line 609.
(pdftex.def)             Requested size: 155.99762pt x 117.32036pt.

Underfull \hbox (badness 6268) in paragraph at lines 610--610
\OT1/cmr/m/n/12 (links) und Paul Ro-sa-ri-vo
 []


Underfull \hbox (badness 1365) in paragraph at lines 617--618
\OT1/cmr/m/n/12 tu-ren zu er-fas-sen und zu nut-zen.
 []

[27 <./Bilder/oldManus.jpg> <./Bilder/page_construction.png>]
<Bilder/Van_de_Graaf_1.png, id=151, 498.4221pt x 374.8404pt>
File: Bilder/Van_de_Graaf_1.png Graphic file (type png)

<use Bilder/Van_de_Graaf_1.png>
Package pdftex.def Info: Bilder/Van_de_Graaf_1.png used on input line 622.
(pdftex.def)             Requested size: 155.99762pt x 117.32036pt.

<Bilder/Van_de_Graaf.png, id=152, 357.2547pt x 271.7352pt>
File: Bilder/Van_de_Graaf.png Graphic file (type png)

<use Bilder/Van_de_Graaf.png>
Package pdftex.def Info: Bilder/Van_de_Graaf.png used on input line 634.
(pdftex.def)             Requested size: 253.49762pt x 192.81723pt.

Overfull \hbox (11.00104pt too wide) in paragraph at lines 639--640
\OT1/cmr/m/n/12 Be-stim-mung ei-ner har-mo-ni-schen Seiten-
 []

[28 <./Bilder/Van_de_Graaf_1.png>]
<Bilder/jsonBourne2.jpg, id=157, 777.90625pt x 550.055pt>
File: Bilder/jsonBourne2.jpg Graphic file (type jpg)

<use Bilder/jsonBourne2.jpg>
Package pdftex.def Info: Bilder/jsonBourne2.jpg used on input line 647.
(pdftex.def)             Requested size: 253.49762pt x 179.24416pt.

Underfull \hbox (badness 10000) in paragraph at lines 653--653
[][]$\OT1/cmtt/m/n/10 http : / / 4 . bp . blogspot . com / Y3C80iBqw / TnMRcN2y
YgI / AAAAAAAAC7k /
 []

[29 <./Bilder/Van_de_Graaf.png> <./Bilder/jsonBourne2.jpg>]
<Bilder/3d-grid_brockmann.jpeg, id=162, 530.4618pt x 367.1316pt>
File: Bilder/3d-grid_brockmann.jpeg Graphic file (type jpg)

<use Bilder/3d-grid_brockmann.jpeg>
Package pdftex.def Info: Bilder/3d-grid_brockmann.jpeg used on input line 661.
(pdftex.def)             Requested size: 272.99881pt x 188.94884pt.
 [30 <./Bilder/3d-grid_brockmann.jpeg>]
<Bilder/durchschuss.png, id=167, 387.6081pt x 72.27pt>
File: Bilder/durchschuss.png Graphic file (type png)

<use Bilder/durchschuss.png>
Package pdftex.def Info: Bilder/durchschuss.png used on input line 674.
(pdftex.def)             Requested size: 272.99881pt x 50.90181pt.

<Bilder/raster.png, id=168, 749.9217pt x 323.7696pt>
File: Bilder/raster.png Graphic file (type png)
 <use Bilder/raster.png>
Package pdftex.def Info: Bilder/raster.png used on input line 687.
(pdftex.def)             Requested size: 214.50119pt x 92.6063pt.

[31 <./Bilder/durchschuss.png> <./Bilder/raster.png>]
<Bilder/gr_logo.jpg, id=174, 566.115pt x 424.58624pt>
File: Bilder/gr_logo.jpg Graphic file (type jpg)
 <use Bilder/gr_logo.jpg>
Package pdftex.def Info: Bilder/gr_logo.jpg used on input line 696.
(pdftex.def)             Requested size: 155.99762pt x 116.99805pt.

Underfull \hbox (badness 10000) in paragraph at lines 697--697
[]\OT1/cmr/m/n/12 Abbildung 25: Logo-ge-stal-
 []


Overfull \hbox (48.02422pt too wide) in paragraph at lines 700--700
[][]$\OT1/cmtt/m/n/10 https : / / www . behance . net / gallery / 43218905 / Lo
go-[]Collection-[]with-[]Golden-[]Ratio-[]2016$\OT1/cmr/m/n/10 ,
 []


Underfull \hbox (badness 1122) in paragraph at lines 702--703
[]\OT1/cmr/m/n/12 Der Gol-de-ne Schnitt ist die idea-
 []


Underfull \hbox (badness 1571) in paragraph at lines 702--703
\OT1/cmr/m/n/12 de-ne Schnitt im-mer noch An-wen-
 []


Underfull \hbox (badness 1622) in paragraph at lines 702--703
\OT1/cmr/m/n/12 Pro-por-tio-nen. Trotz-dem bie-tet die
 []


Underfull \hbox (badness 1895) in paragraph at lines 702--703
\OT1/cmr/m/n/12 Fibonacci-Folge ein []ubergeordnetes
 []

<Bilder/Plakat_gr.jpg, id=175, 543.02875pt x 832.10875pt>
File: Bilder/Plakat_gr.jpg Graphic file (type jpg)

<use Bilder/Plakat_gr.jpg>
Package pdftex.def Info: Bilder/Plakat_gr.jpg used on input line 705.
(pdftex.def)             Requested size: 132.59857pt x 203.18913pt.

<Bilder/gr_typography.jpg, id=176, 566.115pt x 824.07875pt>
File: Bilder/gr_typography.jpg Graphic file (type jpg)

<use Bilder/gr_typography.jpg>
Package pdftex.def Info: Bilder/gr_typography.jpg used on input line 706.
(pdftex.def)             Requested size: 132.59857pt x 193.01723pt.

Underfull \hbox (badness 10000) in paragraph at lines 711--711
[][]$\OT1/cmtt/m/n/10 http : / / www . invaluable . com / artist / bodoni-[]gia
mbattista-[]epx6zw0xcj$\OT1/cmr/m/n/10 ,
 []

[32 <./Bilder/gr_logo.jpg> <./Bilder/Plakat_gr.jpg> <./Bilder/gr_typography.jpg
>] [33] (Harmonische_Lage.lof)
\tf@lof=\write4
\openout4 = `Harmonische_Lage.lof'.

 [34] (Harmonische_Lage.bbl
Underfull \hbox (badness 10000) in paragraph at lines 44--47
[]\OT1/cmr/m/n/12 Typolexikon.  \OT1/cmr/m/it/12 Villardscher-Teilungskanon\OT1
/cmr/m/n/12 .
 []

) [35] (Harmonische_Lage.aux)

LaTeX Warning: There were multiply-defined labels.

 ) 
Here is how much of TeX's memory you used:
 4679 strings out of 493334
 65467 string characters out of 3129355
 135611 words of memory out of 3000000
 8064 multiletter control sequences out of 15000+200000
 13873 words of font info for 53 fonts, out of 3000000 for 9000
 1141 hyphenation exceptions out of 8191
 40i,17n,43p,1247b,375s stack positions out of 5000i,500n,10000p,200000b,50000s
<C:/Users/Florian/AppData/Local/Programs/MiKTeX 2.9/fonts/type1/public/amsfon
ts/cm/cmbx12.pfb><C:/Users/Florian/AppData/Local/Programs/MiKTeX 2.9/fonts/type
1/public/amsfonts/cm/cmcsc10.pfb><C:/Users/Florian/AppData/Local/Programs/MiKTe
X 2.9/fonts/type1/public/amsfonts/cm/cmex10.pfb><C:/Users/Florian/AppData/Local
/Programs/MiKTeX 2.9/fonts/type1/public/amsfonts/cm/cmmi12.pfb><C:/Users/Floria
n/AppData/Local/Programs/MiKTeX 2.9/fonts/type1/public/amsfonts/cm/cmmi8.pfb><C
:/Users/Florian/AppData/Local/Programs/MiKTeX 2.9/fonts/type1/public/amsfonts/c
m/cmr10.pfb><C:/Users/Florian/AppData/Local/Programs/MiKTeX 2.9/fonts/type1/pub
lic/amsfonts/cm/cmr12.pfb><C:/Users/Florian/AppData/Local/Programs/MiKTeX 2.9/f
onts/type1/public/amsfonts/cm/cmr7.pfb><C:/Users/Florian/AppData/Local/Programs
/MiKTeX 2.9/fonts/type1/public/amsfonts/cm/cmr8.pfb><C:/Users/Florian/AppData/L
ocal/Programs/MiKTeX 2.9/fonts/type1/public/amsfonts/cm/cmsy10.pfb><C:/Users/Fl
orian/AppData/Local/Programs/MiKTeX 2.9/fonts/type1/public/amsfonts/cm/cmsy8.pf
b><C:/Users/Florian/AppData/Local/Programs/MiKTeX 2.9/fonts/type1/public/amsfon
ts/cm/cmti12.pfb><C:/Users/Florian/AppData/Local/Programs/MiKTeX 2.9/fonts/type
1/public/amsfonts/cm/cmtt10.pfb>
Output written on Harmonische_Lage.pdf (36 pages, 4840580 bytes).
PDF statistics:
 230 PDF objects out of 1000 (max. 8388607)
 0 named destinations out of 1000 (max. 500000)
 176 words of extra memory for PDF output out of 10000 (max. 10000000)

